<?xml version="1.0" encoding="UTF-8"?>
<testng-results skipped="0" failed="1" ignored="0" total="2" passed="1">
  <reporter-output>
  </reporter-output>
  <suite name="Default suite" duration-ms="71913" started-at="2017-11-14T16:42:41Z" finished-at="2017-11-14T16:43:53Z">
    <groups>
    </groups>
    <test name="Default test" duration-ms="71913" started-at="2017-11-14T16:42:41Z" finished-at="2017-11-14T16:43:53Z">
      <class name="com.cb.test.ddcTest">
        <test-method status="PASS" signature="before()[pri:0, instance:com.cb.test.ddcTest@d2dae5]" name="before" is-config="true" duration-ms="139" started-at="2017-11-14T16:42:41Z" finished-at="2017-11-14T16:42:41Z">
          <reporter-output>
          </reporter-output>
        </test-method> <!-- before -->
        <test-method status="PASS" signature="initializeTestBaseSetup()[pri:0, instance:com.cb.test.ddcTest@d2dae5]" name="initializeTestBaseSetup" is-config="true" duration-ms="5387" started-at="2017-11-14T16:42:41Z" finished-at="2017-11-14T16:42:47Z">
          <reporter-output>
          </reporter-output>
        </test-method> <!-- initializeTestBaseSetup -->
        <test-method status="PASS" signature="setUp()[pri:0, instance:com.cb.test.ddcTest@d2dae5]" name="setUp" is-config="true" duration-ms="0" started-at="2017-11-14T16:42:47Z" finished-at="2017-11-14T16:42:47Z">
          <reporter-output>
          </reporter-output>
        </test-method> <!-- setUp -->
        <test-method status="FAIL" signature="Testddclogin(java.util.HashMap)[pri:0, instance:com.cb.test.ddcTest@d2dae5]" name="Testddclogin" duration-ms="28775" started-at="2017-11-14T16:42:48Z" data-provider="ExcelData" finished-at="2017-11-14T16:43:17Z">
          <params>
            <param index="0">
              <value>
                <![CDATA[{Username=ROLFGERLINGTC, Password=1234567}]]>
              </value>
            </param>
          </params>
          <exception class="java.lang.AssertionError">
            <message>
              <![CDATA[expected [true] but found [false]]]>
            </message>
            <full-stacktrace>
              <![CDATA[java.lang.AssertionError: expected [true] but found [false]
	at org.testng.Assert.fail(Assert.java:93)
	at org.testng.Assert.failNotEquals(Assert.java:512)
	at org.testng.Assert.assertTrue(Assert.java:41)
	at org.testng.Assert.assertTrue(Assert.java:51)
	at com.cb.test.ddcTest.Testddclogin(ddcTest.java:93)
	at sun.reflect.NativeMethodAccessorImpl.invoke0(Native Method)
	at sun.reflect.NativeMethodAccessorImpl.invoke(NativeMethodAccessorImpl.java:62)
	at sun.reflect.DelegatingMethodAccessorImpl.invoke(DelegatingMethodAccessorImpl.java:43)
	at java.lang.reflect.Method.invoke(Method.java:498)
	at org.testng.internal.MethodInvocationHelper.invokeMethod(MethodInvocationHelper.java:108)
	at org.testng.internal.Invoker.invokeMethod(Invoker.java:669)
	at org.testng.internal.Invoker.invokeTestMethod(Invoker.java:877)
	at org.testng.internal.Invoker.invokeTestMethods(Invoker.java:1201)
	at org.testng.internal.TestMethodWorker.invokeTestMethods(TestMethodWorker.java:125)
	at org.testng.internal.TestMethodWorker.run(TestMethodWorker.java:109)
	at org.testng.TestRunner.privateRun(TestRunner.java:776)
	at org.testng.TestRunner.run(TestRunner.java:634)
	at org.testng.SuiteRunner.runTest(SuiteRunner.java:425)
	at org.testng.SuiteRunner.runSequentially(SuiteRunner.java:420)
	at org.testng.SuiteRunner.privateRun(SuiteRunner.java:385)
	at org.testng.SuiteRunner.run(SuiteRunner.java:334)
	at org.testng.SuiteRunnerWorker.runSuite(SuiteRunnerWorker.java:52)
	at org.testng.SuiteRunnerWorker.run(SuiteRunnerWorker.java:86)
	at org.testng.TestNG.runSuitesSequentially(TestNG.java:1318)
	at org.testng.TestNG.runSuitesLocally(TestNG.java:1243)
	at org.testng.TestNG.runSuites(TestNG.java:1161)
	at org.testng.TestNG.run(TestNG.java:1129)
	at org.testng.remote.AbstractRemoteTestNG.run(AbstractRemoteTestNG.java:114)
	at org.testng.remote.RemoteTestNG.initAndRun(RemoteTestNG.java:251)
	at org.testng.remote.RemoteTestNG.main(RemoteTestNG.java:77)
]]>
            </full-stacktrace>
          </exception> <!-- java.lang.AssertionError -->
          <reporter-output>
          </reporter-output>
        </test-method> <!-- Testddclogin -->
        <test-method status="PASS" signature="getResult(org.testng.ITestResult)[pri:0, instance:com.cb.test.ddcTest@d2dae5]" name="getResult" is-config="true" duration-ms="2" started-at="2017-11-14T16:43:17Z" finished-at="2017-11-14T16:43:17Z">
          <params>
            <param index="0">
              <value>
                <![CDATA[[TestResult name=Testddclogin status=FAILURE method=ddcTest.Testddclogin(java.util.HashMap)[pri:0, instance:com.cb.test.ddcTest@d2dae5] output={null}]]]>
              </value>
            </param>
          </params>
          <reporter-output>
          </reporter-output>
        </test-method> <!-- getResult -->
        <test-method status="PASS" signature="Testddclogin(java.util.HashMap)[pri:0, instance:com.cb.test.ddcTest@d2dae5]" name="Testddclogin" duration-ms="31951" started-at="2017-11-14T16:43:17Z" data-provider="ExcelData" finished-at="2017-11-14T16:43:49Z">
          <params>
            <param index="0">
              <value>
                <![CDATA[{Username=ROLFGERLINGTC, Password=123456}]]>
              </value>
            </param>
          </params>
          <reporter-output>
          </reporter-output>
        </test-method> <!-- Testddclogin -->
        <test-method status="PASS" signature="closeApplication()[pri:0, instance:com.cb.test.ddcTest@d2dae5]" name="closeApplication" is-config="true" duration-ms="4529" started-at="2017-11-14T16:43:49Z" finished-at="2017-11-14T16:43:53Z">
          <reporter-output>
          </reporter-output>
        </test-method> <!-- closeApplication -->
        <test-method status="PASS" signature="getResult(org.testng.ITestResult)[pri:0, instance:com.cb.test.ddcTest@d2dae5]" name="getResult" is-config="true" duration-ms="0" started-at="2017-11-14T16:43:49Z" finished-at="2017-11-14T16:43:49Z">
          <params>
            <param index="0">
              <value>
                <![CDATA[[TestResult name=Testddclogin status=SUCCESS method=ddcTest.Testddclogin(java.util.HashMap)[pri:0, instance:com.cb.test.ddcTest@d2dae5] output={null}]]]>
              </value>
            </param>
          </params>
          <reporter-output>
          </reporter-output>
        </test-method> <!-- getResult -->
        <test-method status="PASS" signature="tearDownSuite()[pri:0, instance:com.cb.test.ddcTest@d2dae5]" name="tearDownSuite" is-config="true" duration-ms="303" started-at="2017-11-14T16:43:53Z" finished-at="2017-11-14T16:43:54Z">
          <reporter-output>
          </reporter-output>
        </test-method> <!-- tearDownSuite -->
      </class> <!-- com.cb.test.ddcTest -->
    </test> <!-- Default test -->
  </suite> <!-- Default suite -->
</testng-results>
