<?xml version="1.0" encoding="UTF-8"?>
<testng-results skipped="0" failed="1" total="2" passed="1">
  <reporter-output>
  </reporter-output>
  <suite name="Suite" duration-ms="76980" started-at="2017-11-15T10:13:14Z" finished-at="2017-11-15T10:14:31Z">
    <groups>
    </groups>
    <test name="Test" duration-ms="76980" started-at="2017-11-15T10:13:14Z" finished-at="2017-11-15T10:14:31Z">
      <class name="com.cb.test.ddcTest">
        <test-method status="PASS" signature="before()[pri:0, instance:com.cb.test.ddcTest@7fa833]" name="before" is-config="true" duration-ms="163" started-at="2017-11-15T10:13:14Z" finished-at="2017-11-15T10:13:15Z">
          <reporter-output>
          </reporter-output>
        </test-method> <!-- before -->
        <test-method status="PASS" signature="initializeTestBaseSetup()[pri:0, instance:com.cb.test.ddcTest@7fa833]" name="initializeTestBaseSetup" is-config="true" duration-ms="2512" started-at="2017-11-15T10:13:15Z" finished-at="2017-11-15T10:13:17Z">
          <reporter-output>
          </reporter-output>
        </test-method> <!-- initializeTestBaseSetup -->
        <test-method status="PASS" signature="setUp()[pri:0, instance:com.cb.test.ddcTest@7fa833]" name="setUp" is-config="true" duration-ms="0" started-at="2017-11-15T10:13:17Z" finished-at="2017-11-15T10:13:17Z">
          <reporter-output>
          </reporter-output>
        </test-method> <!-- setUp -->
        <test-method status="FAIL" signature="Testddclogin(java.util.HashMap)[pri:0, instance:com.cb.test.ddcTest@7fa833]" name="Testddclogin" duration-ms="27821" started-at="2017-11-15T10:13:18Z" data-provider="ExcelData" finished-at="2017-11-15T10:13:46Z">
          <params>
            <param index="0">
              <value>
                <![CDATA[{Username=ROLFGERLINGTC, Password=1234567}]]>
              </value>
            </param>
          </params>
          <exception class="java.lang.AssertionError">
            <message>
              <![CDATA[expected [true] but found [false]]]>
            </message>
            <full-stacktrace>
              <![CDATA[java.lang.AssertionError: expected [true] but found [false]
	at org.testng.Assert.fail(Assert.java:94)
	at org.testng.Assert.failNotEquals(Assert.java:494)
	at org.testng.Assert.assertTrue(Assert.java:42)
	at org.testng.Assert.assertTrue(Assert.java:52)
	at com.cb.test.ddcTest.Testddclogin(ddcTest.java:93)
	at sun.reflect.NativeMethodAccessorImpl.invoke0(Native Method)
	at sun.reflect.NativeMethodAccessorImpl.invoke(NativeMethodAccessorImpl.java:62)
	at sun.reflect.DelegatingMethodAccessorImpl.invoke(DelegatingMethodAccessorImpl.java:43)
	at java.lang.reflect.Method.invoke(Method.java:498)
	at org.testng.internal.MethodInvocationHelper.invokeMethod(MethodInvocationHelper.java:80)
	at org.testng.internal.Invoker.invokeMethod(Invoker.java:714)
	at org.testng.internal.Invoker.invokeTestMethod(Invoker.java:901)
	at org.testng.internal.Invoker.invokeTestMethods(Invoker.java:1231)
	at org.testng.internal.TestMethodWorker.invokeTestMethods(TestMethodWorker.java:127)
	at org.testng.internal.TestMethodWorker.run(TestMethodWorker.java:111)
	at org.testng.TestRunner.privateRun(TestRunner.java:767)
	at org.testng.TestRunner.run(TestRunner.java:617)
	at org.testng.SuiteRunner.runTest(SuiteRunner.java:334)
	at org.testng.SuiteRunner.runSequentially(SuiteRunner.java:329)
	at org.testng.SuiteRunner.privateRun(SuiteRunner.java:291)
	at org.testng.SuiteRunner.run(SuiteRunner.java:240)
	at org.testng.SuiteRunnerWorker.runSuite(SuiteRunnerWorker.java:52)
	at org.testng.SuiteRunnerWorker.run(SuiteRunnerWorker.java:86)
	at org.testng.TestNG.runSuitesSequentially(TestNG.java:1198)
	at org.testng.TestNG.runSuitesLocally(TestNG.java:1123)
	at org.testng.TestNG.run(TestNG.java:1031)
	at org.apache.maven.surefire.testng.TestNGExecutor.run(TestNGExecutor.java:281)
	at org.apache.maven.surefire.testng.TestNGXmlTestSuite.execute(TestNGXmlTestSuite.java:75)
	at org.apache.maven.surefire.testng.TestNGProvider.invoke(TestNGProvider.java:121)
	at org.apache.maven.surefire.booter.ForkedBooter.invokeProviderInSameClassLoader(ForkedBooter.java:290)
	at org.apache.maven.surefire.booter.ForkedBooter.runSuitesInProcess(ForkedBooter.java:242)
	at org.apache.maven.surefire.booter.ForkedBooter.main(ForkedBooter.java:121)
]]>
            </full-stacktrace>
          </exception> <!-- java.lang.AssertionError -->
          <reporter-output>
          </reporter-output>
        </test-method> <!-- Testddclogin -->
        <test-method status="PASS" signature="Testddclogin(java.util.HashMap)[pri:0, instance:com.cb.test.ddcTest@7fa833]" name="Testddclogin" duration-ms="41843" started-at="2017-11-15T10:13:46Z" data-provider="ExcelData" finished-at="2017-11-15T10:14:27Z">
          <params>
            <param index="0">
              <value>
                <![CDATA[{Username=ROLFGERLINGTC, Password=123456}]]>
              </value>
            </param>
          </params>
          <reporter-output>
          </reporter-output>
        </test-method> <!-- Testddclogin -->
        <test-method status="PASS" signature="getResult(org.testng.ITestResult)[pri:0, instance:com.cb.test.ddcTest@7fa833]" name="getResult" is-config="true" duration-ms="0" started-at="2017-11-15T10:13:46Z" finished-at="2017-11-15T10:13:46Z">
          <params>
            <param index="0">
              <value>
                <![CDATA[[TestResult name=Testddclogin status=FAILURE method=ddcTest.Testddclogin(java.util.HashMap)[pri:0, instance:com.cb.test.ddcTest@7fa833] output={null}]]]>
              </value>
            </param>
          </params>
          <reporter-output>
          </reporter-output>
        </test-method> <!-- getResult -->
        <test-method status="PASS" signature="getResult(org.testng.ITestResult)[pri:0, instance:com.cb.test.ddcTest@7fa833]" name="getResult" is-config="true" duration-ms="0" started-at="2017-11-15T10:14:27Z" finished-at="2017-11-15T10:14:27Z">
          <params>
            <param index="0">
              <value>
                <![CDATA[[TestResult name=Testddclogin status=SUCCESS method=ddcTest.Testddclogin(java.util.HashMap)[pri:0, instance:com.cb.test.ddcTest@7fa833] output={null}]]]>
              </value>
            </param>
          </params>
          <reporter-output>
          </reporter-output>
        </test-method> <!-- getResult -->
        <test-method status="PASS" signature="closeApplication()[pri:0, instance:com.cb.test.ddcTest@7fa833]" name="closeApplication" is-config="true" duration-ms="3951" started-at="2017-11-15T10:14:27Z" finished-at="2017-11-15T10:14:31Z">
          <reporter-output>
          </reporter-output>
        </test-method> <!-- closeApplication -->
        <test-method status="PASS" signature="tearDownSuite()[pri:0, instance:com.cb.test.ddcTest@7fa833]" name="tearDownSuite" is-config="true" duration-ms="312" started-at="2017-11-15T10:14:31Z" finished-at="2017-11-15T10:14:32Z">
          <reporter-output>
          </reporter-output>
        </test-method> <!-- tearDownSuite -->
      </class> <!-- com.cb.test.ddcTest -->
    </test> <!-- Test -->
  </suite> <!-- Suite -->
</testng-results>
